<?xml version="1.0" encoding="UTF-8"?>
<testng-results ignored="0" total="1" passed="1" failed="0" skipped="0">
  <reporter-output>
  </reporter-output>
  <suite started-at="2022-10-11T20:09:53 IST" name="Default suite" finished-at="2022-10-11T20:10:42 IST" duration-ms="48667">
    <groups>
    </groups>
    <test started-at="2022-10-11T20:09:53 IST" name="Default test" finished-at="2022-10-11T20:10:42 IST" duration-ms="48667">
      <class name="com.testing.Testing">
        <test-method is-config="true" signature="beforeMethod()[pri:0, instance:com.testing.Testing@49dc7102]" started-at="2022-10-11T20:09:53 IST" name="beforeMethod" finished-at="2022-10-11T20:09:59 IST" duration-ms="5964" status="PASS">
          <reporter-output>
          </reporter-output>
        </test-method> <!-- beforeMethod -->
        <test-method signature="AutomateWebsite()[pri:0, instance:com.testing.Testing@49dc7102]" started-at="2022-10-11T20:09:59 IST" name="AutomateWebsite" finished-at="2022-10-11T20:10:41 IST" duration-ms="41763" status="PASS">
          <reporter-output>
          </reporter-output>
        </test-method> <!-- AutomateWebsite -->
        <test-method is-config="true" signature="afterMethod()[pri:0, instance:com.testing.Testing@49dc7102]" started-at="2022-10-11T20:10:41 IST" name="afterMethod" finished-at="2022-10-11T20:10:42 IST" duration-ms="863" status="PASS">
          <reporter-output>
          </reporter-output>
        </test-method> <!-- afterMethod -->
      </class> <!-- com.testing.Testing -->
    </test> <!-- Default test -->
  </suite> <!-- Default suite -->
</testng-results>
